<?xml version="1.0" encoding="UTF-8"?>
<!-- Generated by org.testng.reporters.JUnitReportReporter -->
<testsuite hostname="DESKTOP-1EKAV2N" failures="0" tests="10" name="com.selenium.trainingday6.InvocationCountConcept" time="0.030" errors="0" timestamp="2021-06-19T22:58:12 IST" skipped="0">
  <testcase classname="com.selenium.trainingday6.InvocationCountConcept" name="a" time="0.003"/>
  <system-out/>
  <testcase classname="com.selenium.trainingday6.InvocationCountConcept" name="a" time="0.002"/>
  <system-out/>
  <testcase classname="com.selenium.trainingday6.InvocationCountConcept" name="a" time="0.001"/>
  <system-out/>
  <testcase classname="com.selenium.trainingday6.InvocationCountConcept" name="a" time="0.001"/>
  <system-out/>
  <testcase classname="com.selenium.trainingday6.InvocationCountConcept" name="a" time="0.002"/>
  <system-out/>
  <testcase classname="com.selenium.trainingday6.InvocationCountConcept" name="a" time="0.002"/>
  <system-out/>
  <testcase classname="com.selenium.trainingday6.InvocationCountConcept" name="a" time="0.001"/>
  <system-out/>
  <testcase classname="com.selenium.trainingday6.InvocationCountConcept" name="a" time="0.002"/>
  <system-out/>
  <testcase classname="com.selenium.trainingday6.InvocationCountConcept" name="a" time="0.014"/>
  <system-out/>
  <testcase classname="com.selenium.trainingday6.InvocationCountConcept" name="a" time="0.002"/>
  <system-out/>
</testsuite> <!-- com.selenium.trainingday6.InvocationCountConcept -->
