<?xml version="1.0" encoding="UTF-8"?>
<!-- Generated by org.testng.reporters.JUnitReportReporter -->
<testsuite hostname="DESKTOP-1EKAV2N" failures="0" tests="2" name="com.selenium.trainingday6.GroupingConcept" time="0.005" errors="0" timestamp="2021-05-17T16:55:02 IST" skipped="0">
  <testcase classname="com.selenium.trainingday6.GroupingConcept" name="b" time="0.003"/>
  <system-out/>
  <testcase classname="com.selenium.trainingday6.GroupingConcept" name="a" time="0.002"/>
  <system-out/>
</testsuite> <!-- com.selenium.trainingday6.GroupingConcept -->
