<?xml version="1.0" encoding="UTF-8"?>
<!-- Generated by org.testng.reporters.JUnitReportReporter -->
<testsuite hostname="DESKTOP-1EKAV2N" failures="0" tests="2" name="com.selenium.trainingday6.AnnotationsConcept" time="0.017" errors="0" timestamp="2021-07-18T13:42:18 IST" skipped="0">
  <testcase classname="com.selenium.trainingday6.AnnotationsConcept" name="test1" time="0.012"/>
  <system-out/>
  <testcase classname="com.selenium.trainingday6.AnnotationsConcept" name="test2" time="0.005"/>
  <system-out/>
</testsuite> <!-- com.selenium.trainingday6.AnnotationsConcept -->
