<?xml version="1.0" encoding="UTF-8"?>
<!-- Generated by org.testng.reporters.JUnitReportReporter -->
<testsuite hostname="DESKTOP-1EKAV2N" failures="0" tests="1" name="com.selenium.trainingday6.ValidationConcept" time="9.256" errors="0" timestamp="2021-05-17T16:55:02 IST" skipped="0">
  <testcase classname="com.selenium.trainingday6.ValidationConcept" name="titleValidation" time="9.256"/>
  <system-out/>
</testsuite> <!-- com.selenium.trainingday6.ValidationConcept -->
