<?xml version="1.0" encoding="UTF-8"?>
<!-- Generated by org.testng.reporters.JUnitReportReporter -->
<testsuite hostname="DESKTOP-1EKAV2N" failures="0" tests="2" name="com.selenium.trainingday6.TimeOutConcept" time="0.033" errors="0" timestamp="2021-06-19T22:59:35 IST" skipped="0">
  <testcase classname="com.selenium.trainingday6.TimeOutConcept" name="a" time="0.028"/>
  <system-out/>
  <testcase classname="com.selenium.trainingday6.TimeOutConcept" name="b" time="0.005"/>
  <system-out/>
</testsuite> <!-- com.selenium.trainingday6.TimeOutConcept -->
