<?xml version="1.0" encoding="UTF-8"?>
<!-- Generated by org.testng.reporters.JUnitReportReporter -->
<testsuite hostname="DESKTOP-1EKAV2N" failures="0" tests="2" name="com.selenium.trainingday6.AnnotationsConcept" time="0.021" errors="0" timestamp="2021-07-23T23:44:46 IST" skipped="0">
  <testcase classname="com.selenium.trainingday6.AnnotationsConcept" name="test1" time="0.015"/>
  <system-out/>
  <testcase classname="com.selenium.trainingday6.AnnotationsConcept" name="test2" time="0.006"/>
  <system-out/>
</testsuite> <!-- com.selenium.trainingday6.AnnotationsConcept -->
